Reading dataframe
Reading solute and solvent smiles
Reading temperature
Validating smiles (or converting inchis)
All identifiers are valid
Done reading data
Reading dataframe
Reading solute and solvent smiles
Reading temperature
Validating smiles (or converting inchis)
All identifiers are valid
Done reading data
Reading dataframe
Reading solute and solvent smiles
Reading temperature
Validating smiles (or converting inchis)
All identifiers are valid
Done reading data
Reading dataframe
Reading solute and solvent smiles
Reading temperature
Validating smiles (or converting inchis)
All identifiers are valid
Done reading data
Reading dataframe
Reading solute and solvent smiles
Validating smiles (or converting inchis)
Reading dataframe
Reading solute and solvent smiles
Validating smiles (or converting inchis)
All identifiers are valid
Done reading data
Reading dataframe
Reading solute and solvent smiles
Validating smiles (or converting inchis)
All identifiers are valid
Done reading data
Reading dataframe
Reading solute and solvent smiles
Validating smiles (or converting inchis)
All identifiers are valid
Done reading data
Loading 10 solvation free energy models from /home/fhvermei/Software/PycharmProjects/ml_solvation_v01/
Reading dataframe
Reading solute and solvent smiles
Validating smiles (or converting inchis)
All identifiers are valid
Done reading data
Loading 10 solvation free energy models from /home/fhvermei/Software/PycharmProjects/ml_solvation_v01/
Loading 30 aqueous solubility models from /home/fhvermei/Software/PycharmProjects/ml_solvation_v01/
Make Gsolv predictions
Make logSaq predictions
Make Gsolv aqueous predictions
Reading dataframe
Reading solute and solvent smiles
Validating smiles (or converting inchis)
All identifiers are valid
Done reading data
Loading 10 solvation free energy models from /home/fhvermei/Software/PycharmProjects/ml_solvation_v01/
Loading 30 aqueous solubility models from /home/fhvermei/Software/PycharmProjects/ml_solvation_v01/
Make Gsolv predictions
Make logSaq predictions
Make Gsolv aqueous predictions
Reading dataframe
Reading solute and solvent smiles
Validating smiles (or converting inchis)
All identifiers are valid
Done reading data
Loading 10 solvation free energy models from /home/fhvermei/Software/PycharmProjects/ml_solvation_v01/
Loading 30 aqueous solubility models from /home/fhvermei/Software/PycharmProjects/ml_solvation_v01/
Make Gsolv predictions
Make logSaq predictions
Make Gsolv aqueous predictions
Reading dataframe
Reading solute and solvent smiles
Validating smiles (or converting inchis)
All identifiers are valid
Done reading data
Loading 10 solvation free energy models from /home/fhvermei/Software/PycharmProjects/ml_solvation_v01/
Loading 30 aqueous solubility models from /home/fhvermei/Software/PycharmProjects/ml_solvation_v01/
Make Gsolv predictions
Make logSaq predictions
Make Gsolv aqueous predictions
Reading dataframe
Reading solute and solvent smiles
Validating smiles (or converting inchis)
All identifiers are valid
Done reading data
Reading dataframe
Reading solute and solvent smiles
Reading reference solubility
Reading dataframe
Reading solute and solvent smiles
Reading reference solubility
Reading dataframe
Reading solute and solvent smiles
Reading reference solubility
Reading dataframe
Reading solute and solvent smiles
Reading reference solubility
Reading dataframe
Reading solute and solvent smiles
Reading reference solubility
Validating smiles (or converting inchis)
All identifiers are valid
Done reading data
Loading 10 solvation free energy models from /home/fhvermei/Software/PycharmProjects/ml_solvation_v01/
Make Gsolv predictions
Make Gsolv reference predictions
Reading dataframe
Reading solute and solvent smiles
Reading reference solubility
Validating smiles (or converting inchis)
All identifiers are valid
Done reading data
Loading 10 solvation free energy models from /home/fhvermei/Software/PycharmProjects/ml_solvation_v01/
Make Gsolv predictions
Make Gsolv reference predictions
Reading dataframe
Reading solute and solvent smiles
Reading reference solubility
Validating smiles (or converting inchis)
All identifiers are valid
Done reading data
Loading 10 solvation free energy models from /home/fhvermei/Software/PycharmProjects/ml_solvation_v01/
Make Gsolv predictions
Make Gsolv reference predictions
Reading dataframe
Reading solute and solvent smiles
Reading reference solubility
Validating smiles (or converting inchis)
All identifiers are valid
Done reading data
Loading 10 solvation free energy models from /home/fhvermei/Software/PycharmProjects/ml_solvation_v01/
Make Gsolv predictions
Make Gsolv reference predictions
Reading dataframe
Reading solute and solvent smiles
Reading reference solubility
Validating smiles (or converting inchis)
All identifiers are valid
Done reading data
Reading dataframe
Reading solute and solvent smiles
Reading reference solubility
Validating smiles (or converting inchis)
All identifiers are valid
Done reading data
Reading dataframe
Reading solute and solvent smiles
Reading reference solubility
Validating smiles (or converting inchis)
All identifiers are valid
Done reading data
Reading dataframe
Reading solute and solvent smiles
Reading temperature
Reading reference solubility
Validating smiles (or converting inchis)
All identifiers are valid
Done reading data
Loading 10 solvation free energy models from /home/fhvermei/Software/PycharmProjects/ml_solvation_v01/
Loading 12 solvation enthalpy models from /home/fhvermei/Software/PycharmProjects/ml_solvation_v01/
Make Gsolv predictions
Make Hsolv predictions
Make Gsolv reference predictions
Make solute parameter predictions
Reading dataframe
Reading solute and solvent smiles
Reading temperature
Reading reference solubility
Validating smiles (or converting inchis)
All identifiers are valid
Done reading data
Loading 10 solvation free energy models from /home/fhvermei/Software/PycharmProjects/ml_solvation_v01/
Loading 12 solvation enthalpy models from /home/fhvermei/Software/PycharmProjects/ml_solvation_v01/
Make Gsolv predictions
Make Hsolv predictions
Make Gsolv reference predictions
Make solute parameter predictions
Reading dataframe
Reading solute and solvent smiles
Reading temperature
Reading reference solubility
Validating smiles (or converting inchis)
All identifiers are valid
Done reading data
Loading 10 solvation free energy models from /home/fhvermei/Software/PycharmProjects/ml_solvation_v01/
Loading 12 solvation enthalpy models from /home/fhvermei/Software/PycharmProjects/ml_solvation_v01/
Make Gsolv predictions
Make Hsolv predictions
Make Gsolv reference predictions
Make solute parameter predictions
Reading dataframe
Reading solute and solvent smiles
Reading temperature
Reading reference solubility
Validating smiles (or converting inchis)
All identifiers are valid
Done reading data
Loading 10 solvation free energy models from /home/fhvermei/Software/PycharmProjects/ml_solvation_v01/
Loading 12 solvation enthalpy models from /home/fhvermei/Software/PycharmProjects/ml_solvation_v01/
Make Gsolv predictions
Make Hsolv predictions
Make Gsolv reference predictions
Make solute parameter predictions
Reading dataframe
Reading solute and solvent smiles
Reading temperature
Reading reference solubility
Validating smiles (or converting inchis)
All identifiers are valid
Done reading data
Loading 10 solvation free energy models from /home/fhvermei/Software/PycharmProjects/ml_solvation_v01/
Loading 12 solvation enthalpy models from /home/fhvermei/Software/PycharmProjects/ml_solvation_v01/
Make Gsolv predictions
Make Hsolv predictions
Make Gsolv reference predictions
Make solute parameter predictions
Reading dataframe
Reading solute and solvent smiles
Reading temperature
Reading reference solubility
Validating smiles (or converting inchis)
All identifiers are valid
Done reading data
Loading 10 solvation free energy models from /home/fhvermei/Software/PycharmProjects/ml_solvation_v01/
Loading 12 solvation enthalpy models from /home/fhvermei/Software/PycharmProjects/ml_solvation_v01/
Make Gsolv predictions
Make Hsolv predictions
Make Gsolv reference predictions
Make solute parameter predictions
Reading dataframe
Reading solute and solvent smiles
Reading temperature
Reading reference solubility
Validating smiles (or converting inchis)
All identifiers are valid
Done reading data
Loading 10 solvation free energy models from /home/fhvermei/Software/PycharmProjects/ml_solvation_v01/
Loading 12 solvation enthalpy models from /home/fhvermei/Software/PycharmProjects/ml_solvation_v01/
Make Gsolv predictions
Make Hsolv predictions
Make Gsolv reference predictions
Make solute parameter predictions
Reading dataframe
Reading solute and solvent smiles
Reading temperature
Reading reference solubility
Validating smiles (or converting inchis)
All identifiers are valid
Done reading data
Loading 10 solvation free energy models from /home/fhvermei/Software/PycharmProjects/ml_solvation_v01/
Loading 12 solvation enthalpy models from /home/fhvermei/Software/PycharmProjects/ml_solvation_v01/
Make Gsolv predictions
Make Hsolv predictions
Make Gsolv reference predictions
Make solute parameter predictions
Reading dataframe
Reading solute and solvent smiles
Reading temperature
Reading reference solubility
Validating smiles (or converting inchis)
All identifiers are valid
Done reading data
Loading 10 solvation free energy models from /home/fhvermei/Software/PycharmProjects/ml_solvation_v01/
Loading 12 solvation enthalpy models from /home/fhvermei/Software/PycharmProjects/ml_solvation_v01/
Make Gsolv predictions
Make Hsolv predictions
Make Gsolv reference predictions
Make solute parameter predictions
Reading dataframe
Reading solute and solvent smiles
Reading temperature
Reading reference solubility
Validating smiles (or converting inchis)
All identifiers are valid
Done reading data
Loading 10 solvation free energy models from /home/fhvermei/Software/PycharmProjects/ml_solvation_v01/
Loading 12 solvation enthalpy models from /home/fhvermei/Software/PycharmProjects/ml_solvation_v01/
Loading 30 aqueous solubility models from /home/fhvermei/Software/PycharmProjects/ml_solvation_v01/
Make Gsolv predictions
Make Hsolv predictions
Make logSaq predictions
Make Gsolv aqueous predictions
Make Gsolv reference predictions
Make solute parameter predictions
Reading dataframe
Reading solute and solvent smiles
Reading temperature
Reading reference solubility
Done reading data
Reading dataframe
Reading solute and solvent smiles
Reading temperature
Reading reference solubility
Done reading data
Reading dataframe
Reading solute and solvent smiles
Reading temperature
Reading reference solubility
Done reading data
Loading 10 solvation free energy models from /home/fhvermei/Software/PycharmProjects/ml_solvation_v01/
Make Gsolv predictions
Reading dataframe
Reading solute and solvent smiles
Reading temperature
Reading reference solubility
Validating smiles (or converting inchis)
All identifiers are valid
Done reading data
Loading 10 solvation free energy models from /home/fhvermei/Software/PycharmProjects/ml_solvation_v01/
Loading 12 solvation enthalpy models from /home/fhvermei/Software/PycharmProjects/ml_solvation_v01/
Loading 30 aqueous solubility models from /home/fhvermei/Software/PycharmProjects/ml_solvation_v01/
Make Gsolv predictions
Make Hsolv predictions
Make logSaq predictions
Make Gsolv aqueous predictions
Make Gsolv reference predictions
Make solute parameter predictions
Start making logS calculations
Calculating logS at 298K from predicted aqueous solubility
Calculating logS at 298K from reference solubility
Calculating T-dep logS from predicted aqueous solubility using H_solu(298K) approximation
Calculating T-dep logS from reference solubility using H_solu(298K) approximation
Reading dataframe
Reading solute and solvent smiles
Reading temperature
Reading reference solubility
Done reading data
Loading 10 solvation free energy models from /home/fhvermei/Software/PycharmProjects/ml_solvation_v01/
Make Gsolv predictions
Reading dataframe
Reading solute and solvent smiles
Reading temperature
Reading reference solubility
Validating smiles (or converting inchis)
All identifiers are valid
Done reading data
Loading 10 solvation free energy models from /home/fhvermei/Software/PycharmProjects/ml_solvation_v01/
Loading 12 solvation enthalpy models from /home/fhvermei/Software/PycharmProjects/ml_solvation_v01/
Loading 30 aqueous solubility models from /home/fhvermei/Software/PycharmProjects/ml_solvation_v01/
Make Gsolv predictions
Make Hsolv predictions
Make logSaq predictions
Make Gsolv aqueous predictions
Make Gsolv reference predictions
Make solute parameter predictions
Start making logS calculations
Calculating logS at 298K from predicted aqueous solubility
Calculating logS at 298K from reference solubility
Calculating T-dep logS from predicted aqueous solubility using H_solu(298K) approximation
Calculating T-dep logS from reference solubility using H_solu(298K) approximation
Reading dataframe
Reading solute and solvent smiles
Reading temperature
Reading reference solubility
Done reading data
Loading 10 solvation free energy models from /home/fhvermei/Software/PycharmProjects/ml_solvation_v01/
Make Gsolv predictions
Reading dataframe
Reading solute and solvent smiles
Reading temperature
Reading reference solubility
Validating smiles (or converting inchis)
All identifiers are valid
Done reading data
Loading 10 solvation free energy models from /home/fhvermei/Software/PycharmProjects/ml_solvation_v01/
Loading 12 solvation enthalpy models from /home/fhvermei/Software/PycharmProjects/ml_solvation_v01/
Loading 30 aqueous solubility models from /home/fhvermei/Software/PycharmProjects/ml_solvation_v01/
Make Gsolv predictions
Make Hsolv predictions
Make logSaq predictions
Make Gsolv aqueous predictions
Make Gsolv reference predictions
Make solute parameter predictions
Start making logS calculations
Calculating logS at 298K from predicted aqueous solubility
Calculating logS at 298K from reference solubility
Calculating T-dep logS from predicted aqueous solubility using H_solu(298K) approximation
Calculating T-dep logS from reference solubility using H_solu(298K) approximation
Reading dataframe
Reading solute and solvent smiles
Reading temperature
Reading reference solubility
Done reading data
Loading 10 solvation free energy models from /home/fhvermei/Software/PycharmProjects/ml_solvation_v01/
Make Gsolv predictions
Reading dataframe
Reading solute and solvent smiles
Reading temperature
Reading reference solubility
Validating smiles (or converting inchis)
All identifiers are valid
Done reading data
Loading 10 solvation free energy models from /home/fhvermei/Software/PycharmProjects/ml_solvation_v01/
Loading 12 solvation enthalpy models from /home/fhvermei/Software/PycharmProjects/ml_solvation_v01/
Loading 30 aqueous solubility models from /home/fhvermei/Software/PycharmProjects/ml_solvation_v01/
Make Gsolv predictions
Make Hsolv predictions
Make logSaq predictions
Make Gsolv aqueous predictions
Make Gsolv reference predictions
Make solute parameter predictions
Start making logS calculations
Calculating logS at 298K from predicted aqueous solubility
Calculating logS at 298K from reference solubility
Calculating T-dep logS from predicted aqueous solubility using H_solu(298K) approximation
Calculating T-dep logS from reference solubility using H_solu(298K) approximation
Reading dataframe
Reading solute and solvent smiles
Reading temperature
Reading reference solubility
Done reading data
Loading 10 solvation free energy models from /home/fhvermei/Software/PycharmProjects/ml_solvation_v01/
Make Gsolv predictions
Reading dataframe
Reading solute and solvent smiles
Reading temperature
Reading reference solubility
Validating smiles (or converting inchis)
All identifiers are valid
Done reading data
Loading 10 solvation free energy models from /home/fhvermei/Software/PycharmProjects/ml_solvation_v01/
Loading 12 solvation enthalpy models from /home/fhvermei/Software/PycharmProjects/ml_solvation_v01/
Loading 30 aqueous solubility models from /home/fhvermei/Software/PycharmProjects/ml_solvation_v01/
Make Gsolv predictions
Make Hsolv predictions
Make logSaq predictions
Make Gsolv aqueous predictions
Make Gsolv reference predictions
Make solute parameter predictions
Start making logS calculations
Calculating logS at 298K from predicted aqueous solubility
Calculating logS at 298K from reference solubility
Calculating T-dep logS from predicted aqueous solubility using H_solu(298K) approximation
Calculating T-dep logS from reference solubility using H_solu(298K) approximation
Reading dataframe
Reading solute and solvent smiles
Reading temperature
Reading reference solubility
Done reading data
Loading 10 solvation free energy models from /home/fhvermei/Software/PycharmProjects/ml_solvation_v01/
Make Gsolv predictions
Reading dataframe
Reading solute and solvent smiles
Reading temperature
Reading reference solubility
Validating smiles (or converting inchis)
All identifiers are valid
Done reading data
Loading 10 solvation free energy models from /home/fhvermei/Software/PycharmProjects/ml_solvation_v01/
Loading 12 solvation enthalpy models from /home/fhvermei/Software/PycharmProjects/ml_solvation_v01/
Loading 30 aqueous solubility models from /home/fhvermei/Software/PycharmProjects/ml_solvation_v01/
Make Gsolv predictions
Make Hsolv predictions
Make logSaq predictions
Make Gsolv aqueous predictions
Make Gsolv reference predictions
Make solute parameter predictions
Start making logS calculations
Calculating logS at 298K from predicted aqueous solubility
Calculating logS at 298K from reference solubility
Calculating T-dep logS from predicted aqueous solubility using H_solu(298K) approximation
Calculating T-dep logS from reference solubility using H_solu(298K) approximation
Reading dataframe
Reading solute and solvent smiles
Reading temperature
Reading reference solubility
Done reading data
Loading 10 solvation free energy models from /home/fhvermei/Software/PycharmProjects/ml_solvation_v01/
Make Gsolv predictions
Reading dataframe
Reading solute and solvent smiles
Reading temperature
Reading reference solubility
Validating smiles (or converting inchis)
All identifiers are valid
Done reading data
Loading 10 solvation free energy models from /home/fhvermei/Software/PycharmProjects/ml_solvation_v01/
Loading 12 solvation enthalpy models from /home/fhvermei/Software/PycharmProjects/ml_solvation_v01/
Loading 30 aqueous solubility models from /home/fhvermei/Software/PycharmProjects/ml_solvation_v01/
Make Gsolv predictions
Make Hsolv predictions
Make logSaq predictions
Make Gsolv aqueous predictions
Make Gsolv reference predictions
Make solute parameter predictions
Start making logS calculations
Calculating logS at 298K from predicted aqueous solubility
Calculating logS at 298K from reference solubility
Calculating T-dep logS from predicted aqueous solubility using H_solu(298K) approximation
Calculating T-dep logS from reference solubility using H_solu(298K) approximation
